Running php-build composer
WARNING! Your password will be stored unencrypted in /home/runner/.docker/config.json.
Configure a credential helper to remove this warning. See
https://docs.docker.com/engine/reference/commandline/login/#credentials-store

Login Succeeded
Pulling docker.pkg.github.com/gdatasoftwareag/vaas/php-actions_composer_vaas:php-latest-build2
php-latest-build2: Pulling from gdatasoftwareag/vaas/php-actions_composer_vaas
59bf1c3509f3: Already exists
7c7da25b2876: Pulling fs layer
2bc599114627: Pulling fs layer
927a0b37a45a: Pulling fs layer
82faeffa3381: Pulling fs layer
d00eb6ffbf5b: Pulling fs layer
245191a80a15: Pulling fs layer
82faeffa3381: Waiting
d00eb6ffbf5b: Waiting
245191a80a15: Waiting
1efc0d32afbb: Pulling fs layer
1efc0d32afbb: Waiting
28b2db29115b: Pulling fs layer
3b3ba9842b44: Pulling fs layer
28b2db29115b: Waiting
3b3ba9842b44: Waiting
927a0b37a45a: Verifying Checksum
927a0b37a45a: Download complete
2bc599114627: Verifying Checksum
2bc599114627: Download complete
7c7da25b2876: Verifying Checksum
7c7da25b2876: Download complete
7c7da25b2876: Pull complete
d00eb6ffbf5b: Verifying Checksum
d00eb6ffbf5b: Download complete
2bc599114627: Pull complete
927a0b37a45a: Pull complete
245191a80a15: Verifying Checksum
245191a80a15: Download complete
82faeffa3381: Verifying Checksum
82faeffa3381: Download complete
1efc0d32afbb: Verifying Checksum
1efc0d32afbb: Download complete
82faeffa3381: Pull complete
d00eb6ffbf5b: Pull complete
28b2db29115b: Verifying Checksum
28b2db29115b: Download complete
3b3ba9842b44: Verifying Checksum
3b3ba9842b44: Download complete
245191a80a15: Pull complete
1efc0d32afbb: Pull complete
28b2db29115b: Pull complete
3b3ba9842b44: Pull complete
Digest: sha256:070ef8310bcdb020f5798d50bdf7ff9d784306bafe86e4e019f21273c03c5c00
Status: Downloaded newer image for docker.pkg.github.com/gdatasoftwareag/vaas/php-actions_composer_vaas:php-latest-build2
docker.pkg.github.com/gdatasoftwareag/vaas/php-actions_composer_vaas:php-latest-build2
Docker tag: docker.pkg.github.com/gdatasoftwareag/vaas/php-actions_composer_vaas:php-latest-build2
No private keys supplied
Command: composer install --working-dir=php/tests/vaas --no-progress --no-interaction
Skipping env variable PWD
Skipping env variable HOME
Skipping env variable SHLVL
Skipping env variable PATH
Running php-build composer
WARNING! Your password will be stored unencrypted in /home/runner/.docker/config.json.
Configure a credential helper to remove this warning. See
https://docs.docker.com/engine/reference/commandline/login/#credentials-store

Login Succeeded
Pulling docker.pkg.github.com/gdatasoftwareag/vaas/php-actions_composer_vaas:php-latest-build2
php-latest-build2: Pulling from gdatasoftwareag/vaas/php-actions_composer_vaas
59bf1c3509f3: Already exists
7c7da25b2876: Pulling fs layer
2bc599114627: Pulling fs layer
927a0b37a45a: Pulling fs layer
82faeffa3381: Pulling fs layer
d00eb6ffbf5b: Pulling fs layer
245191a80a15: Pulling fs layer
1efc0d32afbb: Pulling fs layer
28b2db29115b: Pulling fs layer
3b3ba9842b44: Pulling fs layer
82faeffa3381: Waiting
d00eb6ffbf5b: Waiting
245191a80a15: Waiting
1efc0d32afbb: Waiting
28b2db29115b: Waiting
3b3ba9842b44: Waiting
927a0b37a45a: Download complete
2bc599114627: Verifying Checksum
2bc599114627: Download complete
7c7da25b2876: Download complete
d00eb6ffbf5b: Verifying Checksum
d00eb6ffbf5b: Download complete
7c7da25b2876: Pull complete
2bc599114627: Pull complete
927a0b37a45a: Pull complete
82faeffa3381: Verifying Checksum
82faeffa3381: Download complete
82faeffa3381: Pull complete
1efc0d32afbb: Verifying Checksum
1efc0d32afbb: Download complete
245191a80a15: Verifying Checksum
245191a80a15: Download complete
d00eb6ffbf5b: Pull complete
28b2db29115b: Verifying Checksum
28b2db29115b: Download complete
3b3ba9842b44: Download complete
245191a80a15: Pull complete
1efc0d32afbb: Pull complete
28b2db29115b: Pull complete
3b3ba9842b44: Pull complete
Digest: sha256:070ef8310bcdb020f5798d50bdf7ff9d784306bafe86e4e019f21273c03c5c00
Status: Downloaded newer image for docker.pkg.github.com/gdatasoftwareag/vaas/php-actions_composer_vaas:php-latest-build2
docker.pkg.github.com/gdatasoftwareag/vaas/php-actions_composer_vaas:php-latest-build2
Docker tag: docker.pkg.github.com/gdatasoftwareag/vaas/php-actions_composer_vaas:php-latest-build2
No private keys supplied
Command: composer install --working-dir=php/tests/vaas --no-progress --no-interaction
Skipping env variable PWD
Skipping env variable HOME
Skipping env variable SHLVL
Skipping env variable PATH
